<?xml version="1.0" encoding="UTF-8"?>
<testsuite name="com.example.validatingforminput.ApplicationMockMvcTests" tests="5" skipped="0" failures="0" errors="0" timestamp="2022-06-02T18:08:13" hostname="workspace1zffsmzwsyjel6ej.gradle-7b6fd57f45-qvlld" time="1.388">
  <properties/>
  <testcase name="checkPersonInfoWhenNameTooShortThenFailure()" classname="com.example.validatingforminput.ApplicationMockMvcTests" time="1.297"/>
  <testcase name="checkPersonInfoWhenValidRequestThenSuccess()" classname="com.example.validatingforminput.ApplicationMockMvcTests" time="0.005"/>
  <testcase name="checkPersonInfoWhenAgeTooYoungThenFailure()" classname="com.example.validatingforminput.ApplicationMockMvcTests" time="0.007"/>
  <testcase name="checkPersonInfoWhenAgeMissingThenFailure()" classname="com.example.validatingforminput.ApplicationMockMvcTests" time="0.067"/>
  <testcase name="checkPersonInfoWhenNameMissingNameThenFailure()" classname="com.example.validatingforminput.ApplicationMockMvcTests" time="0.007"/>
  <system-out><![CDATA[18:08:08.951 [Test worker] DEBUG org.springframework.test.context.BootstrapUtils - Instantiating CacheAwareContextLoaderDelegate from class [org.springframework.test.context.cache.DefaultCacheAwareContextLoaderDelegate]
18:08:09.014 [Test worker] DEBUG org.springframework.test.context.BootstrapUtils - Instantiating BootstrapContext using constructor [public org.springframework.test.context.support.DefaultBootstrapContext(java.lang.Class,org.springframework.test.context.CacheAwareContextLoaderDelegate)]
18:08:09.038 [Test worker] DEBUG org.springframework.test.context.BootstrapUtils - Instantiating TestContextBootstrapper for test class [com.example.validatingforminput.ApplicationMockMvcTests] from class [org.springframework.boot.test.context.SpringBootTestContextBootstrapper]
18:08:09.049 [Test worker] INFO org.springframework.boot.test.context.SpringBootTestContextBootstrapper - Neither @ContextConfiguration nor @ContextHierarchy found for test class [com.example.validatingforminput.ApplicationMockMvcTests], using SpringBootContextLoader
18:08:09.051 [Test worker] DEBUG org.springframework.test.context.support.AbstractContextLoader - Did not detect default resource location for test class [com.example.validatingforminput.ApplicationMockMvcTests]: class path resource [com/example/validatingforminput/ApplicationMockMvcTests-context.xml] does not exist
18:08:09.052 [Test worker] DEBUG org.springframework.test.context.support.AbstractContextLoader - Did not detect default resource location for test class [com.example.validatingforminput.ApplicationMockMvcTests]: class path resource [com/example/validatingforminput/ApplicationMockMvcTestsContext.groovy] does not exist
18:08:09.052 [Test worker] INFO org.springframework.test.context.support.AbstractContextLoader - Could not detect default resource locations for test class [com.example.validatingforminput.ApplicationMockMvcTests]: no resource found for suffixes {-context.xml, Context.groovy}.
18:08:09.053 [Test worker] INFO org.springframework.test.context.support.AnnotationConfigContextLoaderUtils - Could not detect default configuration classes for test class [com.example.validatingforminput.ApplicationMockMvcTests]: ApplicationMockMvcTests does not declare any static, non-private, non-final, nested classes annotated with @Configuration.
18:08:09.211 [Test worker] DEBUG org.springframework.test.context.support.ActiveProfilesUtils - Could not find an 'annotation declaring class' for annotation type [org.springframework.test.context.ActiveProfiles] and class [com.example.validatingforminput.ApplicationMockMvcTests]
18:08:09.313 [Test worker] DEBUG org.springframework.context.annotation.ClassPathScanningCandidateComponentProvider - Identified candidate component class: file [/projects/validating-form-input/complete/build/classes/java/main/com/example/validatingforminput/ValidatingFormInputApplication.class]
18:08:09.320 [Test worker] INFO org.springframework.boot.test.context.SpringBootTestContextBootstrapper - Found @SpringBootConfiguration com.example.validatingforminput.ValidatingFormInputApplication for test class com.example.validatingforminput.ApplicationMockMvcTests
18:08:09.446 [Test worker] DEBUG org.springframework.boot.test.context.SpringBootTestContextBootstrapper - @TestExecutionListeners is not present for class [com.example.validatingforminput.ApplicationMockMvcTests]: using defaults.
18:08:09.447 [Test worker] INFO org.springframework.boot.test.context.SpringBootTestContextBootstrapper - Loaded default TestExecutionListener class names from location [META-INF/spring.factories]: [org.springframework.boot.test.autoconfigure.restdocs.RestDocsTestExecutionListener, org.springframework.boot.test.autoconfigure.web.client.MockRestServiceServerResetTestExecutionListener, org.springframework.boot.test.autoconfigure.web.servlet.MockMvcPrintOnlyOnFailureTestExecutionListener, org.springframework.boot.test.autoconfigure.web.servlet.WebDriverTestExecutionListener, org.springframework.boot.test.mock.mockito.MockitoTestExecutionListener, org.springframework.boot.test.mock.mockito.ResetMocksTestExecutionListener, org.springframework.test.context.web.ServletTestExecutionListener, org.springframework.test.context.support.DirtiesContextBeforeModesTestExecutionListener, org.springframework.test.context.support.DependencyInjectionTestExecutionListener, org.springframework.test.context.support.DirtiesContextTestExecutionListener, org.springframework.test.context.transaction.TransactionalTestExecutionListener, org.springframework.test.context.jdbc.SqlScriptsTestExecutionListener, org.springframework.test.context.event.EventPublishingTestExecutionListener]
18:08:09.454 [Test worker] DEBUG org.springframework.boot.test.context.SpringBootTestContextBootstrapper - Skipping candidate TestExecutionListener [org.springframework.test.context.transaction.TransactionalTestExecutionListener] due to a missing dependency. Specify custom listener classes or make the default listener classes and their required dependencies available. Offending class: [org/springframework/transaction/interceptor/TransactionAttributeSource]
18:08:09.455 [Test worker] DEBUG org.springframework.boot.test.context.SpringBootTestContextBootstrapper - Skipping candidate TestExecutionListener [org.springframework.test.context.jdbc.SqlScriptsTestExecutionListener] due to a missing dependency. Specify custom listener classes or make the default listener classes and their required dependencies available. Offending class: [org/springframework/transaction/interceptor/TransactionAttribute]
18:08:09.455 [Test worker] INFO org.springframework.boot.test.context.SpringBootTestContextBootstrapper - Using TestExecutionListeners: [org.springframework.test.context.web.ServletTestExecutionListener@65903750, org.springframework.test.context.support.DirtiesContextBeforeModesTestExecutionListener@29773eea, org.springframework.boot.test.mock.mockito.MockitoTestExecutionListener@5f4c42fd, org.springframework.boot.test.autoconfigure.SpringBootDependencyInjectionTestExecutionListener@2768d369, org.springframework.test.context.support.DirtiesContextTestExecutionListener@43a64a63, org.springframework.test.context.event.EventPublishingTestExecutionListener@5336bc93, org.springframework.boot.test.autoconfigure.restdocs.RestDocsTestExecutionListener@6e5057a2, org.springframework.boot.test.autoconfigure.web.client.MockRestServiceServerResetTestExecutionListener@fc2229a, org.springframework.boot.test.autoconfigure.web.servlet.MockMvcPrintOnlyOnFailureTestExecutionListener@7ec69453, org.springframework.boot.test.autoconfigure.web.servlet.WebDriverTestExecutionListener@18726d3c, org.springframework.boot.test.mock.mockito.ResetMocksTestExecutionListener@74f3c4d7]
18:08:09.512 [Test worker] DEBUG org.springframework.test.context.support.AbstractDirtiesContextTestExecutionListener - Before test class: context [DefaultTestContext@4fc82f4d testClass = ApplicationMockMvcTests, testInstance = [null], testMethod = [null], testException = [null], mergedContextConfiguration = [WebMergedContextConfiguration@613e64c8 testClass = ApplicationMockMvcTests, locations = '{}', classes = '{class com.example.validatingforminput.ValidatingFormInputApplication}', contextInitializerClasses = '[]', activeProfiles = '{}', propertySourceLocations = '{}', propertySourceProperties = '{org.springframework.boot.test.context.SpringBootTestContextBootstrapper=true}', contextCustomizers = set[org.springframework.boot.test.autoconfigure.properties.PropertyMappingContextCustomizer@4b3fa0b3, org.springframework.boot.test.autoconfigure.web.servlet.WebDriverContextCustomizerFactory$Customizer@65383367, [ImportsContextCustomizer@352925c9 key = [org.springframework.boot.test.autoconfigure.web.servlet.MockMvcAutoConfiguration, org.springframework.boot.test.autoconfigure.web.servlet.MockMvcWebClientAutoConfiguration, org.springframework.boot.test.autoconfigure.web.servlet.MockMvcWebDriverAutoConfiguration, org.springframework.boot.autoconfigure.security.servlet.SecurityAutoConfiguration, org.springframework.boot.autoconfigure.security.servlet.UserDetailsServiceAutoConfiguration, org.springframework.boot.test.autoconfigure.web.servlet.MockMvcSecurityConfiguration]], org.springframework.boot.test.context.filter.ExcludeFilterContextCustomizer@4356289a, org.springframework.boot.test.json.DuplicateJsonObjectContextCustomizerFactory$DuplicateJsonObjectContextCustomizer@5779fa76, org.springframework.boot.test.mock.mockito.MockitoContextCustomizer@0, org.springframework.boot.test.web.client.TestRestTemplateContextCustomizer@303010ed], resourceBasePath = 'src/main/webapp', contextLoader = 'org.springframework.boot.test.context.SpringBootContextLoader', parent = [null]], attributes = map['org.springframework.test.context.web.ServletTestExecutionListener.activateListener' -> true]], class annotated with @DirtiesContext [false] with mode [null].
18:08:09.536 [Test worker] DEBUG org.springframework.test.context.support.TestPropertySourceUtils - Adding inlined properties to environment: {spring.jmx.enabled=false, org.springframework.boot.test.context.SpringBootTestContextBootstrapper=true, server.port=-1}

  .   ____          _            __ _ _
 /\\ / ___'_ __ _ _(_)_ __  __ _ \ \ \ \
( ( )\___ | '_ | '_| | '_ \/ _` | \ \ \ \
 \\/  ___)| |_)| | | | | || (_| |  ) ) ) )
  '  |____| .__|_| |_|_| |_\__, | / / / /
 =========|_|==============|___/=/_/_/_/
 :: Spring Boot ::        (v2.2.2.RELEASE)

2022-06-02 18:08:10.041  INFO 96 --- [    Test worker] c.e.v.ApplicationMockMvcTests            : Starting ApplicationMockMvcTests on workspace1zffsmzwsyjel6ej.gradle-7b6fd57f45-qvlld with PID 96 (started by jboss in /projects/validating-form-input/complete)
2022-06-02 18:08:10.042  INFO 96 --- [    Test worker] c.e.v.ApplicationMockMvcTests            : No active profile set, falling back to default profiles: default
2022-06-02 18:08:13.110  INFO 96 --- [    Test worker] o.s.s.concurrent.ThreadPoolTaskExecutor  : Initializing ExecutorService 'applicationTaskExecutor'
2022-06-02 18:08:13.638  INFO 96 --- [    Test worker] o.s.b.t.m.w.SpringBootMockServletContext : Initializing Spring TestDispatcherServlet ''
2022-06-02 18:08:13.639  INFO 96 --- [    Test worker] o.s.t.web.servlet.TestDispatcherServlet  : Initializing Servlet ''
2022-06-02 18:08:13.646  INFO 96 --- [    Test worker] o.s.t.web.servlet.TestDispatcherServlet  : Completed initialization in 7 ms
2022-06-02 18:08:13.721  INFO 96 --- [    Test worker] c.e.v.ApplicationMockMvcTests            : Started ApplicationMockMvcTests in 4.178 seconds (JVM running for 6.598)
]]></system-out>
  <system-err><![CDATA[]]></system-err>
</testsuite>
